2025-05-08T11:00:00+02:00 [INFO] (utils/logger/logger.go:93) Starting installation process
...
2025-05-08T11:05:36+02:00 [INFO] (utils/logger/logger.go:93) Installing runtime runtime=python version=3.11.11
2025-05-08T11:05:40+02:00 [INFO] (utils/logger/logger.go:93) Successfully installed runtime runtime=python version=3.11.11
2025-05-08T11:05:40+02:00 [INFO] (utils/logger/logger.go:93) Installing tool version=8.57.0 tool=eslint
2025-05-08T11:05:44+02:00 [INFO] (utils/logger/logger.go:93) Successfully installed tool tool=eslint version=8.57.0
2025-05-08T11:05:44+02:00 [INFO] (utils/logger/logger.go:93) Installing tool version=0.59.1 tool=trivy
2025-05-08T11:05:44+02:00 [ERROR] (utils/logger/logger.go:93) Failed to install tool error=failed to download tool: failed to download file: status code 404, URL: https://github.com/aquasecurity/trivy/releases/download/213.tar.gz, Response: Not Found tool=trivy version=0.59.1
2025-05-08T11:14:52+02:00 [INFO] (utils/logger/logger.go:93) Starting installation process
2025-05-08T11:14:52+02:00 [INFO] (utils/logger/logger.go:93) Tool scheduled for installation tool=pylint version=3.3.6
2025-05-08T11:14:52+02:00 [INFO] (utils/logger/logger.go:93) Tool scheduled for installation tool=pmd version=6.55.0
2025-05-08T11:14:52+02:00 [INFO] (utils/logger/logger.go:93) Tool scheduled for installation tool=semgrep version=1.78.0
2025-05-08T11:14:52+02:00 [INFO] (utils/logger/logger.go:93) Tool scheduled for installation tool=trivy version=0.59.1
2025-05-08T11:14:52+02:00 [INFO] (utils/logger/logger.go:93) Installing tool tool=pylint version=3.3.6
2025-05-08T11:15:01+02:00 [INFO] (utils/logger/logger.go:93) Successfully installed tool tool=pylint version=3.3.6
2025-05-08T11:15:01+02:00 [INFO] (utils/logger/logger.go:93) Installing tool tool=pmd version=6.55.0
2025-05-08T11:15:09+02:00 [INFO] (utils/logger/logger.go:93) Successfully installed tool version=6.55.0 tool=pmd
2025-05-08T11:15:09+02:00 [INFO] (utils/logger/logger.go:93) Installing tool tool=semgrep version=1.78.0
2025-05-08T11:15:24+02:00 [INFO] (utils/logger/logger.go:93) Successfully installed tool tool=semgrep version=1.78.0
2025-05-08T11:15:24+02:00 [INFO] (utils/logger/logger.go:93) Installing tool tool=trivy version=0.59.1
2025-05-08T11:15:29+02:00 [INFO] (utils/logger/logger.go:93) Successfully installed tool tool=trivy version=0.59.1
2025-05-08T11:15:29+02:00 [INFO] (utils/logger/logger.go:93) Installation completed successfully
